C:\USERS\BVCN 88\ONEDRIVE\DOCUMENTS\VISUAL STUDIO 2012\PROJECTS\GAMESDL2\GAMESDL2\DEBUG\GAMESDL2.PCH
C:\USERS\BVCN 88\ONEDRIVE\DOCUMENTS\VISUAL STUDIO 2012\PROJECTS\GAMESDL2\GAMESDL2\DEBUG\STDAFX.OBJ
C:\USERS\BVCN 88\ONEDRIVE\DOCUMENTS\VISUAL STUDIO 2012\PROJECTS\GAMESDL2\GAMESDL2\DEBUG\VC110.PDB
C:\USERS\BVCN 88\ONEDRIVE\DOCUMENTS\VISUAL STUDIO 2012\PROJECTS\GAMESDL2\GAMESDL2\DEBUG\MAIN.OBJ
C:\USERS\BVCN 88\ONEDRIVE\DOCUMENTS\VISUAL STUDIO 2012\PROJECTS\GAMESDL2\GAMESDL2\DEBUG\COMMONFUNC.OBJ
C:\USERS\BVCN 88\ONEDRIVE\DOCUMENTS\VISUAL STUDIO 2012\PROJECTS\GAMESDL2\GAMESDL2\DEBUG\BASEOBJECT.OBJ
C:\USERS\BVCN 88\ONEDRIVE\DOCUMENTS\VISUAL STUDIO 2012\PROJECTS\GAMESDL2\DEBUG\GAMESDL2.ILK
C:\USERS\BVCN 88\ONEDRIVE\DOCUMENTS\VISUAL STUDIO 2012\PROJECTS\GAMESDL2\DEBUG\GAMESDL2.EXE
C:\USERS\BVCN 88\ONEDRIVE\DOCUMENTS\VISUAL STUDIO 2012\PROJECTS\GAMESDL2\DEBUG\GAMESDL2.PDB
C:\Users\BVCN 88\OneDrive\Documents\Visual Studio 2012\Projects\GameSDL2\GameSDL2\Debug\BaseObject.obj
C:\Users\BVCN 88\OneDrive\Documents\Visual Studio 2012\Projects\GameSDL2\GameSDL2\Debug\CommonFunc.obj
C:\Users\BVCN 88\OneDrive\Documents\Visual Studio 2012\Projects\GameSDL2\GameSDL2\Debug\main.obj
C:\Users\BVCN 88\OneDrive\Documents\Visual Studio 2012\Projects\GameSDL2\GameSDL2\Debug\stdafx.obj
C:\Users\BVCN 88\OneDrive\Documents\Visual Studio 2012\Projects\GameSDL2\GameSDL2\Debug\cl.command.1.tlog
C:\Users\BVCN 88\OneDrive\Documents\Visual Studio 2012\Projects\GameSDL2\GameSDL2\Debug\CL.read.1.tlog
C:\Users\BVCN 88\OneDrive\Documents\Visual Studio 2012\Projects\GameSDL2\GameSDL2\Debug\CL.write.1.tlog
C:\Users\BVCN 88\OneDrive\Documents\Visual Studio 2012\Projects\GameSDL2\GameSDL2\Debug\link-cvtres.read.1.tlog
C:\Users\BVCN 88\OneDrive\Documents\Visual Studio 2012\Projects\GameSDL2\GameSDL2\Debug\link-cvtres.write.1.tlog
C:\Users\BVCN 88\OneDrive\Documents\Visual Studio 2012\Projects\GameSDL2\GameSDL2\Debug\link-rc.read.1.tlog
C:\Users\BVCN 88\OneDrive\Documents\Visual Studio 2012\Projects\GameSDL2\GameSDL2\Debug\link-rc.write.1.tlog
C:\Users\BVCN 88\OneDrive\Documents\Visual Studio 2012\Projects\GameSDL2\GameSDL2\Debug\link.11700-cvtres.read.1.tlog
C:\Users\BVCN 88\OneDrive\Documents\Visual Studio 2012\Projects\GameSDL2\GameSDL2\Debug\link.11700-cvtres.write.1.tlog
C:\Users\BVCN 88\OneDrive\Documents\Visual Studio 2012\Projects\GameSDL2\GameSDL2\Debug\link.11700-rc.read.1.tlog
C:\Users\BVCN 88\OneDrive\Documents\Visual Studio 2012\Projects\GameSDL2\GameSDL2\Debug\link.11700-rc.write.1.tlog
C:\Users\BVCN 88\OneDrive\Documents\Visual Studio 2012\Projects\GameSDL2\GameSDL2\Debug\link.11700.read.1.tlog
C:\Users\BVCN 88\OneDrive\Documents\Visual Studio 2012\Projects\GameSDL2\GameSDL2\Debug\link.11700.write.1.tlog
C:\Users\BVCN 88\OneDrive\Documents\Visual Studio 2012\Projects\GameSDL2\GameSDL2\Debug\link.13236-cvtres.read.1.tlog
C:\Users\BVCN 88\OneDrive\Documents\Visual Studio 2012\Projects\GameSDL2\GameSDL2\Debug\link.13236-cvtres.write.1.tlog
C:\Users\BVCN 88\OneDrive\Documents\Visual Studio 2012\Projects\GameSDL2\GameSDL2\Debug\link.13236-rc.read.1.tlog
C:\Users\BVCN 88\OneDrive\Documents\Visual Studio 2012\Projects\GameSDL2\GameSDL2\Debug\link.13236-rc.write.1.tlog
C:\Users\BVCN 88\OneDrive\Documents\Visual Studio 2012\Projects\GameSDL2\GameSDL2\Debug\link.13236.read.1.tlog
C:\Users\BVCN 88\OneDrive\Documents\Visual Studio 2012\Projects\GameSDL2\GameSDL2\Debug\link.13236.write.1.tlog
C:\Users\BVCN 88\OneDrive\Documents\Visual Studio 2012\Projects\GameSDL2\GameSDL2\Debug\link.240-cvtres.read.1.tlog
C:\Users\BVCN 88\OneDrive\Documents\Visual Studio 2012\Projects\GameSDL2\GameSDL2\Debug\link.240-cvtres.write.1.tlog
C:\Users\BVCN 88\OneDrive\Documents\Visual Studio 2012\Projects\GameSDL2\GameSDL2\Debug\link.240-rc.read.1.tlog
C:\Users\BVCN 88\OneDrive\Documents\Visual Studio 2012\Projects\GameSDL2\GameSDL2\Debug\link.240-rc.write.1.tlog
C:\Users\BVCN 88\OneDrive\Documents\Visual Studio 2012\Projects\GameSDL2\GameSDL2\Debug\link.240.read.1.tlog
C:\Users\BVCN 88\OneDrive\Documents\Visual Studio 2012\Projects\GameSDL2\GameSDL2\Debug\link.240.write.1.tlog
C:\Users\BVCN 88\OneDrive\Documents\Visual Studio 2012\Projects\GameSDL2\GameSDL2\Debug\link.5172-cvtres.read.1.tlog
C:\Users\BVCN 88\OneDrive\Documents\Visual Studio 2012\Projects\GameSDL2\GameSDL2\Debug\link.5172-cvtres.write.1.tlog
C:\Users\BVCN 88\OneDrive\Documents\Visual Studio 2012\Projects\GameSDL2\GameSDL2\Debug\link.5172-rc.read.1.tlog
C:\Users\BVCN 88\OneDrive\Documents\Visual Studio 2012\Projects\GameSDL2\GameSDL2\Debug\link.5172-rc.write.1.tlog
C:\Users\BVCN 88\OneDrive\Documents\Visual Studio 2012\Projects\GameSDL2\GameSDL2\Debug\link.5172.read.1.tlog
C:\Users\BVCN 88\OneDrive\Documents\Visual Studio 2012\Projects\GameSDL2\GameSDL2\Debug\link.5172.write.1.tlog
C:\Users\BVCN 88\OneDrive\Documents\Visual Studio 2012\Projects\GameSDL2\GameSDL2\Debug\link.8104-cvtres.read.1.tlog
C:\Users\BVCN 88\OneDrive\Documents\Visual Studio 2012\Projects\GameSDL2\GameSDL2\Debug\link.8104-cvtres.write.1.tlog
C:\Users\BVCN 88\OneDrive\Documents\Visual Studio 2012\Projects\GameSDL2\GameSDL2\Debug\link.8104-rc.read.1.tlog
C:\Users\BVCN 88\OneDrive\Documents\Visual Studio 2012\Projects\GameSDL2\GameSDL2\Debug\link.8104-rc.write.1.tlog
C:\Users\BVCN 88\OneDrive\Documents\Visual Studio 2012\Projects\GameSDL2\GameSDL2\Debug\link.8104.read.1.tlog
C:\Users\BVCN 88\OneDrive\Documents\Visual Studio 2012\Projects\GameSDL2\GameSDL2\Debug\link.8104.write.1.tlog
C:\Users\BVCN 88\OneDrive\Documents\Visual Studio 2012\Projects\GameSDL2\GameSDL2\Debug\link.command.1.tlog
C:\Users\BVCN 88\OneDrive\Documents\Visual Studio 2012\Projects\GameSDL2\GameSDL2\Debug\link.read.1.tlog
C:\Users\BVCN 88\OneDrive\Documents\Visual Studio 2012\Projects\GameSDL2\GameSDL2\Debug\link.write.1.tlog
C:\Users\BVCN 88\OneDrive\Documents\Visual Studio 2012\Projects\GameSDL2\GameSDL2\Debug\GameSDL2.pch
C:\Users\BVCN 88\OneDrive\Documents\Visual Studio 2012\Projects\GameSDL2\GameSDL2\Debug\vc110.idb
C:\Users\BVCN 88\OneDrive\Documents\Visual Studio 2012\Projects\GameSDL2\GameSDL2\Debug\vc110.pdb
C:\Users\BVCN 88\OneDrive\Documents\Visual Studio 2012\Projects\GameSDL2\Debug\GameSDL2.pdb
C:\Users\BVCN 88\OneDrive\Documents\Visual Studio 2012\Projects\GameSDL2\Debug\GameSDL2.exe
C:\Users\BVCN 88\OneDrive\Documents\Visual Studio 2012\Projects\GameSDL2\Debug\GameSDL2.ilk
